<?xml version="1.0" encoding="UTF-8"?>
<testsuite xmlns:xsi="http://www.w3.org/2001/XMLSchema-instance" xsi:noNamespaceSchemaLocation="https://maven.apache.org/surefire/maven-surefire-plugin/xsd/surefire-test-report.xsd" name="com.parkit.parkingsystem.FareCalculatorServiceTest" time="0.045" tests="12" errors="0" skipped="0" failures="0">
  <properties>
[...]
</properties>
  <testcase name="calculateFareBikeWithFivePourcentReduc" classname="com.parkit.parkingsystem.FareCalculatorServiceTest" time="0.009"/>
  <testcase name="calculateFareBikeWithLessThanTwentyFiveParkingTime" classname="com.parkit.parkingsystem.FareCalculatorServiceTest" time="0"/>
  <testcase name="calculateFareCarWithFivePourcentReduc" classname="com.parkit.parkingsystem.FareCalculatorServiceTest" time="0"/>
  <testcase name="calculateFareCarWithLessThanOneHourParkingTime" classname="com.parkit.parkingsystem.FareCalculatorServiceTest" time="0"/>
  <testcase name="calculateFareBikeWithMoreThanADayParkingTime" classname="com.parkit.parkingsystem.FareCalculatorServiceTest" time="0"/>
  <testcase name="calculateFareCarWithLessThanTwentyFiveParkingTime" classname="com.parkit.parkingsystem.FareCalculatorServiceTest" time="0.001"/>
  <testcase name="calculateFareUnkownType" classname="com.parkit.parkingsystem.FareCalculatorServiceTest" time="0.002"/>
  <testcase name="calculateFareCar" classname="com.parkit.parkingsystem.FareCalculatorServiceTest" time="0.001"/>
  <testcase name="calculateFareBike" classname="com.parkit.parkingsystem.FareCalculatorServiceTest" time="0"/>
  <testcase name="calculateFareCarWithMoreThanADayParkingTime" classname="com.parkit.parkingsystem.FareCalculatorServiceTest" time="0.001"/>
  <testcase name="calculateFareBikeWithLessThanOneHourParkingTime" classname="com.parkit.parkingsystem.FareCalculatorServiceTest" time="0.001"/>
  <testcase name="calculateFareBikeWithFutureInTime" classname="com.parkit.parkingsystem.FareCalculatorServiceTest" time="0.009"/>
</testsuite>