<?xml version="1.0" encoding="UTF-8"?>
<testsuite xmlns:xsi="http://www.w3.org/2001/XMLSchema-instance" xsi:noNamespaceSchemaLocation="https://maven.apache.org/surefire/maven-surefire-plugin/xsd/surefire-test-report.xsd" name="com.parkit.parkingsystem.ParkingServiceTest" time="3.813" tests="3" errors="0" skipped="0" failures="0">
  <properties>
[...]
</properties>
  <testcase name="processInconmingBikeVehiculeTest" classname="com.parkit.parkingsystem.ParkingServiceTest" time="2.783"/>
  <testcase name="processIncomingCarVehicleTest" classname="com.parkit.parkingsystem.ParkingServiceTest" time="1.015"/>
  <testcase name="processExitingVehicleTest" classname="com.parkit.parkingsystem.ParkingServiceTest" time="0.015"/>
</testsuite>